app/build/intermediates/manifest_merge_blame_file/debug/processDebugMainManifest/manifest-merger-blame-debug-report.txt
1<?xml version="1.0" encoding="utf-8"?>
2<manifest xmlns:android="http://schemas.android.com/apk/res/android"
3    package="org.pucusoft.geocelltrack"
4    android:versionCode="1"
5    android:versionName="1.0" >
6
7    <uses-sdk
8        android:minSdkVersion="26"
9        android:targetSdkVersion="36" />
10
11    <!-- ========== PERMISOS ESENCIALES ========== -->
12    <uses-permission android:name="android.permission.ACCESS_FINE_LOCATION" />
12-->src\main\AndroidManifest.xml:6:5-79
12-->src\main\AndroidManifest.xml:6:22-76
13    <uses-permission android:name="android.permission.ACCESS_COARSE_LOCATION" />
13-->src\main\AndroidManifest.xml:7:5-81
13-->src\main\AndroidManifest.xml:7:22-78
14    <uses-permission android:name="android.permission.ACCESS_BACKGROUND_LOCATION" />
14-->src\main\AndroidManifest.xml:8:5-85
14-->src\main\AndroidManifest.xml:8:22-82
15    <uses-permission android:name="android.permission.READ_PHONE_STATE" />
15-->src\main\AndroidManifest.xml:9:5-75
15-->src\main\AndroidManifest.xml:9:22-72
16    <uses-permission
16-->src\main\AndroidManifest.xml:10:5-11:69
17        android:name="android.permission.READ_PHONE_NUMBERS"
17-->src\main\AndroidManifest.xml:10:22-74
18        android:minSdkVersion="26" />
18-->src\main\AndroidManifest.xml:11:9-35
19    <uses-permission android:name="android.permission.INTERNET" />
19-->src\main\AndroidManifest.xml:12:5-67
19-->src\main\AndroidManifest.xml:12:22-64
20    <uses-permission android:name="android.permission.ACCESS_NETWORK_STATE" />
20-->src\main\AndroidManifest.xml:13:5-79
20-->src\main\AndroidManifest.xml:13:22-76
21    <uses-permission android:name="android.permission.FOREGROUND_SERVICE" />
21-->src\main\AndroidManifest.xml:14:5-77
21-->src\main\AndroidManifest.xml:14:22-74
22    <uses-permission android:name="android.permission.FOREGROUND_SERVICE_LOCATION" />
22-->src\main\AndroidManifest.xml:15:5-86
22-->src\main\AndroidManifest.xml:15:22-83
23    <uses-permission android:name="android.permission.WAKE_LOCK" />
23-->src\main\AndroidManifest.xml:16:5-68
23-->src\main\AndroidManifest.xml:16:22-65
24    <uses-permission android:name="android.permission.RECEIVE_BOOT_COMPLETED" />
24-->src\main\AndroidManifest.xml:17:5-81
24-->src\main\AndroidManifest.xml:17:22-78
25    <uses-permission android:name="android.permission.ACTIVITY_RECOGNITION" />
25-->src\main\AndroidManifest.xml:18:5-79
25-->src\main\AndroidManifest.xml:18:22-76
26
27    <!-- ========== CARACTERÍSTICAS DE HARDWARE (Para compatibilidad) ========== -->
28    <uses-feature
28-->src\main\AndroidManifest.xml:22:5-88
29        android:name="android.hardware.telephony"
29-->src\main\AndroidManifest.xml:22:19-60
30        android:required="false" />
30-->src\main\AndroidManifest.xml:22:61-85
31    <uses-feature
31-->src\main\AndroidManifest.xml:23:5-91
32        android:name="android.hardware.location.gps"
32-->src\main\AndroidManifest.xml:23:19-63
33        android:required="false" />
33-->src\main\AndroidManifest.xml:23:64-88
34    <uses-feature
34-->src\main\AndroidManifest.xml:24:5-95
35        android:name="android.hardware.location.network"
35-->src\main\AndroidManifest.xml:24:19-67
36        android:required="false" />
36-->src\main\AndroidManifest.xml:24:68-92
37
38    <uses-permission android:name="com.google.android.providers.gsf.permission.READ_GSERVICES" />
38-->[com.google.android.recaptcha:recaptcha:18.4.0] AndroidManifest.xml:9:5-98
38-->[com.google.android.recaptcha:recaptcha:18.4.0] AndroidManifest.xml:9:22-95
39
40    <permission
40-->[androidx.core:core:1.13.0] AndroidManifest.xml:22:5-24:47
41        android:name="org.pucusoft.geocelltrack.DYNAMIC_RECEIVER_NOT_EXPORTED_PERMISSION"
41-->[androidx.core:core:1.13.0] AndroidManifest.xml:23:9-81
42        android:protectionLevel="signature" />
42-->[androidx.core:core:1.13.0] AndroidManifest.xml:24:9-44
43
44    <uses-permission android:name="org.pucusoft.geocelltrack.DYNAMIC_RECEIVER_NOT_EXPORTED_PERMISSION" />
44-->[androidx.core:core:1.13.0] AndroidManifest.xml:26:5-97
44-->[androidx.core:core:1.13.0] AndroidManifest.xml:26:22-94
45
46    <application
46-->src\main\AndroidManifest.xml:26:5-80:19
47        android:allowBackup="true"
47-->src\main\AndroidManifest.xml:27:9-35
48        android:appComponentFactory="androidx.core.app.CoreComponentFactory"
48-->[androidx.core:core:1.13.0] AndroidManifest.xml:28:18-86
49        android:dataExtractionRules="@xml/data_extraction_rules"
49-->src\main\AndroidManifest.xml:28:9-65
50        android:debuggable="true"
51        android:extractNativeLibs="false"
52        android:fullBackupContent="@xml/backup_rules"
52-->src\main\AndroidManifest.xml:29:9-54
53        android:icon="@mipmap/ic_launcher"
53-->src\main\AndroidManifest.xml:30:9-43
54        android:label="@string/app_name"
54-->src\main\AndroidManifest.xml:31:9-41
55        android:roundIcon="@mipmap/ic_launcher_round"
55-->src\main\AndroidManifest.xml:32:9-54
56        android:supportsRtl="true"
56-->src\main\AndroidManifest.xml:33:9-35
57        android:theme="@style/Theme.GeoCellTrack"
57-->src\main\AndroidManifest.xml:34:9-50
58        android:usesCleartextTraffic="true" >
58-->src\main\AndroidManifest.xml:35:9-44
59
60        <!-- ========== ACTIVIDADES ========== -->
61        <activity
61-->src\main\AndroidManifest.xml:39:9-47:20
62            android:name="org.pucusoft.geocelltrack.MainActivity"
62-->src\main\AndroidManifest.xml:40:13-41
63            android:exported="true"
63-->src\main\AndroidManifest.xml:41:13-36
64            android:theme="@style/Theme.GeoCellTrack" >
64-->src\main\AndroidManifest.xml:42:13-54
65            <intent-filter>
65-->src\main\AndroidManifest.xml:43:13-46:29
66                <action android:name="android.intent.action.MAIN" />
66-->src\main\AndroidManifest.xml:44:17-69
66-->src\main\AndroidManifest.xml:44:25-66
67
68                <category android:name="android.intent.category.LAUNCHER" />
68-->src\main\AndroidManifest.xml:45:17-77
68-->src\main\AndroidManifest.xml:45:27-74
69            </intent-filter>
70        </activity>
71        <activity
71-->src\main\AndroidManifest.xml:48:9-51:57
72            android:name="org.pucusoft.geocelltrack.PowerActivity"
72-->src\main\AndroidManifest.xml:49:13-42
73            android:exported="false"
73-->src\main\AndroidManifest.xml:50:13-37
74            android:theme="@style/Theme.GeoCellTrack" />
74-->src\main\AndroidManifest.xml:51:13-54
75        <activity
75-->src\main\AndroidManifest.xml:52:9-55:57
76            android:name="org.pucusoft.geocelltrack.RunningActivity"
76-->src\main\AndroidManifest.xml:53:13-44
77            android:exported="false"
77-->src\main\AndroidManifest.xml:54:13-37
78            android:theme="@style/Theme.GeoCellTrack" />
78-->src\main\AndroidManifest.xml:55:13-54
79
80        <!-- ========== SERVICIOS ========== -->
81        <service
81-->src\main\AndroidManifest.xml:58:9-63:44
82            android:name="org.pucusoft.geocelltrack.TrackerService"
82-->src\main\AndroidManifest.xml:59:13-43
83            android:enabled="true"
83-->src\main\AndroidManifest.xml:60:13-35
84            android:exported="false"
84-->src\main\AndroidManifest.xml:61:13-37
85            android:foregroundServiceType="location"
85-->src\main\AndroidManifest.xml:62:13-53
86            android:stopWithTask="false" />
86-->src\main\AndroidManifest.xml:63:13-41
87
88        <!-- ========== RECEIVERS (Receptores de eventos del sistema) ========== -->
89        <receiver
89-->src\main\AndroidManifest.xml:66:9-74:20
90            android:name="org.pucusoft.geocelltrack.BootReceiver"
90-->src\main\AndroidManifest.xml:67:13-41
91            android:enabled="true"
91-->src\main\AndroidManifest.xml:68:13-35
92            android:exported="false" >
92-->src\main\AndroidManifest.xml:69:13-37
93            <intent-filter>
93-->src\main\AndroidManifest.xml:70:13-73:29
94                <action android:name="android.intent.action.BOOT_COMPLETED" />
94-->src\main\AndroidManifest.xml:71:17-79
94-->src\main\AndroidManifest.xml:71:25-76
95                <action android:name="android.intent.action.QUICKBOOT_POWERON" />
95-->src\main\AndroidManifest.xml:72:17-82
95-->src\main\AndroidManifest.xml:72:25-79
96            </intent-filter>
97        </receiver>
98        <receiver
98-->src\main\AndroidManifest.xml:76:9-78:40
99            android:name="org.pucusoft.geocelltrack.DetectedActivityReceiver"
99-->src\main\AndroidManifest.xml:77:13-53
100            android:exported="false" />
100-->src\main\AndroidManifest.xml:78:13-37
101
102        <activity
102-->[com.google.firebase:firebase-auth:22.3.1] AndroidManifest.xml:29:9-46:20
103            android:name="com.google.firebase.auth.internal.GenericIdpActivity"
103-->[com.google.firebase:firebase-auth:22.3.1] AndroidManifest.xml:30:13-80
104            android:excludeFromRecents="true"
104-->[com.google.firebase:firebase-auth:22.3.1] AndroidManifest.xml:31:13-46
105            android:exported="true"
105-->[com.google.firebase:firebase-auth:22.3.1] AndroidManifest.xml:32:13-36
106            android:launchMode="singleTask"
106-->[com.google.firebase:firebase-auth:22.3.1] AndroidManifest.xml:33:13-44
107            android:theme="@android:style/Theme.Translucent.NoTitleBar" >
107-->[com.google.firebase:firebase-auth:22.3.1] AndroidManifest.xml:34:13-72
108            <intent-filter>
108-->[com.google.firebase:firebase-auth:22.3.1] AndroidManifest.xml:35:13-45:29
109                <action android:name="android.intent.action.VIEW" />
109-->[com.google.firebase:firebase-auth:22.3.1] AndroidManifest.xml:36:17-69
109-->[com.google.firebase:firebase-auth:22.3.1] AndroidManifest.xml:36:25-66
110
111                <category android:name="android.intent.category.DEFAULT" />
111-->[com.google.firebase:firebase-auth:22.3.1] AndroidManifest.xml:38:17-76
111-->[com.google.firebase:firebase-auth:22.3.1] AndroidManifest.xml:38:27-73
112                <category android:name="android.intent.category.BROWSABLE" />
112-->[com.google.firebase:firebase-auth:22.3.1] AndroidManifest.xml:39:17-78
112-->[com.google.firebase:firebase-auth:22.3.1] AndroidManifest.xml:39:27-75
113
114                <data
114-->[com.google.firebase:firebase-auth:22.3.1] AndroidManifest.xml:41:17-44:51
115                    android:host="firebase.auth"
115-->[com.google.firebase:firebase-auth:22.3.1] AndroidManifest.xml:42:21-49
116                    android:path="/"
116-->[com.google.firebase:firebase-auth:22.3.1] AndroidManifest.xml:43:21-37
117                    android:scheme="genericidp" />
117-->[com.google.firebase:firebase-auth:22.3.1] AndroidManifest.xml:44:21-48
118            </intent-filter>
119        </activity>
120        <activity
120-->[com.google.firebase:firebase-auth:22.3.1] AndroidManifest.xml:47:9-64:20
121            android:name="com.google.firebase.auth.internal.RecaptchaActivity"
121-->[com.google.firebase:firebase-auth:22.3.1] AndroidManifest.xml:48:13-79
122            android:excludeFromRecents="true"
122-->[com.google.firebase:firebase-auth:22.3.1] AndroidManifest.xml:49:13-46
123            android:exported="true"
123-->[com.google.firebase:firebase-auth:22.3.1] AndroidManifest.xml:50:13-36
124            android:launchMode="singleTask"
124-->[com.google.firebase:firebase-auth:22.3.1] AndroidManifest.xml:51:13-44
125            android:theme="@android:style/Theme.Translucent.NoTitleBar" >
125-->[com.google.firebase:firebase-auth:22.3.1] AndroidManifest.xml:52:13-72
126            <intent-filter>
126-->[com.google.firebase:firebase-auth:22.3.1] AndroidManifest.xml:53:13-63:29
127                <action android:name="android.intent.action.VIEW" />
127-->[com.google.firebase:firebase-auth:22.3.1] AndroidManifest.xml:36:17-69
127-->[com.google.firebase:firebase-auth:22.3.1] AndroidManifest.xml:36:25-66
128
129                <category android:name="android.intent.category.DEFAULT" />
129-->[com.google.firebase:firebase-auth:22.3.1] AndroidManifest.xml:38:17-76
129-->[com.google.firebase:firebase-auth:22.3.1] AndroidManifest.xml:38:27-73
130                <category android:name="android.intent.category.BROWSABLE" />
130-->[com.google.firebase:firebase-auth:22.3.1] AndroidManifest.xml:39:17-78
130-->[com.google.firebase:firebase-auth:22.3.1] AndroidManifest.xml:39:27-75
131
132                <data
132-->[com.google.firebase:firebase-auth:22.3.1] AndroidManifest.xml:41:17-44:51
133                    android:host="firebase.auth"
133-->[com.google.firebase:firebase-auth:22.3.1] AndroidManifest.xml:42:21-49
134                    android:path="/"
134-->[com.google.firebase:firebase-auth:22.3.1] AndroidManifest.xml:43:21-37
135                    android:scheme="recaptcha" />
135-->[com.google.firebase:firebase-auth:22.3.1] AndroidManifest.xml:44:21-48
136            </intent-filter>
137        </activity>
138
139        <service
139-->[com.google.firebase:firebase-auth:22.3.1] AndroidManifest.xml:66:9-72:19
140            android:name="com.google.firebase.components.ComponentDiscoveryService"
140-->[com.google.firebase:firebase-auth:22.3.1] AndroidManifest.xml:67:13-84
141            android:directBootAware="true"
141-->[com.google.firebase:firebase-common:20.4.3] AndroidManifest.xml:32:13-43
142            android:exported="false" >
142-->[com.google.firebase:firebase-auth:22.3.1] AndroidManifest.xml:68:13-37
143            <meta-data
143-->[com.google.firebase:firebase-auth:22.3.1] AndroidManifest.xml:69:13-71:85
144                android:name="com.google.firebase.components:com.google.firebase.auth.FirebaseAuthRegistrar"
144-->[com.google.firebase:firebase-auth:22.3.1] AndroidManifest.xml:70:17-109
145                android:value="com.google.firebase.components.ComponentRegistrar" />
145-->[com.google.firebase:firebase-auth:22.3.1] AndroidManifest.xml:71:17-82
146            <meta-data
146-->[com.google.firebase:firebase-firestore:24.11.1] AndroidManifest.xml:17:13-19:85
147                android:name="com.google.firebase.components:com.google.firebase.firestore.FirebaseFirestoreKtxRegistrar"
147-->[com.google.firebase:firebase-firestore:24.11.1] AndroidManifest.xml:18:17-122
148                android:value="com.google.firebase.components.ComponentRegistrar" />
148-->[com.google.firebase:firebase-firestore:24.11.1] AndroidManifest.xml:19:17-82
149            <meta-data
149-->[com.google.firebase:firebase-firestore:24.11.1] AndroidManifest.xml:20:13-22:85
150                android:name="com.google.firebase.components:com.google.firebase.firestore.FirestoreRegistrar"
150-->[com.google.firebase:firebase-firestore:24.11.1] AndroidManifest.xml:21:17-111
151                android:value="com.google.firebase.components.ComponentRegistrar" />
151-->[com.google.firebase:firebase-firestore:24.11.1] AndroidManifest.xml:22:17-82
152            <meta-data
152-->[com.google.firebase:firebase-database:20.3.1] AndroidManifest.xml:29:13-31:85
153                android:name="com.google.firebase.components:com.google.firebase.database.FirebaseDatabaseKtxRegistrar"
153-->[com.google.firebase:firebase-database:20.3.1] AndroidManifest.xml:30:17-120
154                android:value="com.google.firebase.components.ComponentRegistrar" />
154-->[com.google.firebase:firebase-database:20.3.1] AndroidManifest.xml:31:17-82
155            <meta-data
155-->[com.google.firebase:firebase-database:20.3.1] AndroidManifest.xml:32:13-34:85
156                android:name="com.google.firebase.components:com.google.firebase.database.DatabaseRegistrar"
156-->[com.google.firebase:firebase-database:20.3.1] AndroidManifest.xml:33:17-109
157                android:value="com.google.firebase.components.ComponentRegistrar" />
157-->[com.google.firebase:firebase-database:20.3.1] AndroidManifest.xml:34:17-82
158            <meta-data
158-->[com.google.firebase:firebase-common-ktx:20.4.3] AndroidManifest.xml:12:13-14:85
159                android:name="com.google.firebase.components:com.google.firebase.ktx.FirebaseCommonLegacyRegistrar"
159-->[com.google.firebase:firebase-common-ktx:20.4.3] AndroidManifest.xml:13:17-116
160                android:value="com.google.firebase.components.ComponentRegistrar" />
160-->[com.google.firebase:firebase-common-ktx:20.4.3] AndroidManifest.xml:14:17-82
161            <meta-data
161-->[com.google.firebase:firebase-common:20.4.3] AndroidManifest.xml:35:13-37:85
162                android:name="com.google.firebase.components:com.google.firebase.FirebaseCommonKtxRegistrar"
162-->[com.google.firebase:firebase-common:20.4.3] AndroidManifest.xml:36:17-109
163                android:value="com.google.firebase.components.ComponentRegistrar" />
163-->[com.google.firebase:firebase-common:20.4.3] AndroidManifest.xml:37:17-82
164        </service>
165
166        <activity
166-->[com.google.android.gms:play-services-base:18.1.0] AndroidManifest.xml:20:9-22:45
167            android:name="com.google.android.gms.common.api.GoogleApiActivity"
167-->[com.google.android.gms:play-services-base:18.1.0] AndroidManifest.xml:20:19-85
168            android:exported="false"
168-->[com.google.android.gms:play-services-base:18.1.0] AndroidManifest.xml:22:19-43
169            android:theme="@android:style/Theme.Translucent.NoTitleBar" />
169-->[com.google.android.gms:play-services-base:18.1.0] AndroidManifest.xml:21:19-78
170
171        <provider
171-->[com.google.firebase:firebase-common:20.4.3] AndroidManifest.xml:23:9-28:39
172            android:name="com.google.firebase.provider.FirebaseInitProvider"
172-->[com.google.firebase:firebase-common:20.4.3] AndroidManifest.xml:24:13-77
173            android:authorities="org.pucusoft.geocelltrack.firebaseinitprovider"
173-->[com.google.firebase:firebase-common:20.4.3] AndroidManifest.xml:25:13-72
174            android:directBootAware="true"
174-->[com.google.firebase:firebase-common:20.4.3] AndroidManifest.xml:26:13-43
175            android:exported="false"
175-->[com.google.firebase:firebase-common:20.4.3] AndroidManifest.xml:27:13-37
176            android:initOrder="100" />
176-->[com.google.firebase:firebase-common:20.4.3] AndroidManifest.xml:28:13-36
177        <provider
177-->[androidx.work:work-runtime:2.9.0] AndroidManifest.xml:29:9-37:20
178            android:name="androidx.startup.InitializationProvider"
178-->[androidx.work:work-runtime:2.9.0] AndroidManifest.xml:30:13-67
179            android:authorities="org.pucusoft.geocelltrack.androidx-startup"
179-->[androidx.work:work-runtime:2.9.0] AndroidManifest.xml:31:13-68
180            android:exported="false" >
180-->[androidx.work:work-runtime:2.9.0] AndroidManifest.xml:32:13-37
181            <meta-data
181-->[androidx.work:work-runtime:2.9.0] AndroidManifest.xml:34:13-36:52
182                android:name="androidx.work.WorkManagerInitializer"
182-->[androidx.work:work-runtime:2.9.0] AndroidManifest.xml:35:17-68
183                android:value="androidx.startup" />
183-->[androidx.work:work-runtime:2.9.0] AndroidManifest.xml:36:17-49
184            <meta-data
184-->[androidx.emoji2:emoji2:1.3.0] AndroidManifest.xml:29:13-31:52
185                android:name="androidx.emoji2.text.EmojiCompatInitializer"
185-->[androidx.emoji2:emoji2:1.3.0] AndroidManifest.xml:30:17-75
186                android:value="androidx.startup" />
186-->[androidx.emoji2:emoji2:1.3.0] AndroidManifest.xml:31:17-49
187            <meta-data
187-->[androidx.lifecycle:lifecycle-process:2.7.0] AndroidManifest.xml:29:13-31:52
188                android:name="androidx.lifecycle.ProcessLifecycleInitializer"
188-->[androidx.lifecycle:lifecycle-process:2.7.0] AndroidManifest.xml:30:17-78
189                android:value="androidx.startup" />
189-->[androidx.lifecycle:lifecycle-process:2.7.0] AndroidManifest.xml:31:17-49
190            <meta-data
190-->[androidx.profileinstaller:profileinstaller:1.4.0] AndroidManifest.xml:29:13-31:52
191                android:name="androidx.profileinstaller.ProfileInstallerInitializer"
191-->[androidx.profileinstaller:profileinstaller:1.4.0] AndroidManifest.xml:30:17-85
192                android:value="androidx.startup" />
192-->[androidx.profileinstaller:profileinstaller:1.4.0] AndroidManifest.xml:31:17-49
193        </provider>
194
195        <service
195-->[androidx.work:work-runtime:2.9.0] AndroidManifest.xml:39:9-45:35
196            android:name="androidx.work.impl.background.systemalarm.SystemAlarmService"
196-->[androidx.work:work-runtime:2.9.0] AndroidManifest.xml:40:13-88
197            android:directBootAware="false"
197-->[androidx.work:work-runtime:2.9.0] AndroidManifest.xml:41:13-44
198            android:enabled="@bool/enable_system_alarm_service_default"
198-->[androidx.work:work-runtime:2.9.0] AndroidManifest.xml:42:13-72
199            android:exported="false" />
199-->[androidx.work:work-runtime:2.9.0] AndroidManifest.xml:43:13-37
200        <service
200-->[androidx.work:work-runtime:2.9.0] AndroidManifest.xml:46:9-52:35
201            android:name="androidx.work.impl.background.systemjob.SystemJobService"
201-->[androidx.work:work-runtime:2.9.0] AndroidManifest.xml:47:13-84
202            android:directBootAware="false"
202-->[androidx.work:work-runtime:2.9.0] AndroidManifest.xml:48:13-44
203            android:enabled="@bool/enable_system_job_service_default"
203-->[androidx.work:work-runtime:2.9.0] AndroidManifest.xml:49:13-70
204            android:exported="true"
204-->[androidx.work:work-runtime:2.9.0] AndroidManifest.xml:50:13-36
205            android:permission="android.permission.BIND_JOB_SERVICE" />
205-->[androidx.work:work-runtime:2.9.0] AndroidManifest.xml:51:13-69
206        <service
206-->[androidx.work:work-runtime:2.9.0] AndroidManifest.xml:53:9-59:35
207            android:name="androidx.work.impl.foreground.SystemForegroundService"
207-->[androidx.work:work-runtime:2.9.0] AndroidManifest.xml:54:13-81
208            android:directBootAware="false"
208-->[androidx.work:work-runtime:2.9.0] AndroidManifest.xml:55:13-44
209            android:enabled="@bool/enable_system_foreground_service_default"
209-->[androidx.work:work-runtime:2.9.0] AndroidManifest.xml:56:13-77
210            android:exported="false" />
210-->[androidx.work:work-runtime:2.9.0] AndroidManifest.xml:57:13-37
211
212        <receiver
212-->[androidx.work:work-runtime:2.9.0] AndroidManifest.xml:61:9-66:35
213            android:name="androidx.work.impl.utils.ForceStopRunnable$BroadcastReceiver"
213-->[androidx.work:work-runtime:2.9.0] AndroidManifest.xml:62:13-88
214            android:directBootAware="false"
214-->[androidx.work:work-runtime:2.9.0] AndroidManifest.xml:63:13-44
215            android:enabled="true"
215-->[androidx.work:work-runtime:2.9.0] AndroidManifest.xml:64:13-35
216            android:exported="false" />
216-->[androidx.work:work-runtime:2.9.0] AndroidManifest.xml:65:13-37
217        <receiver
217-->[androidx.work:work-runtime:2.9.0] AndroidManifest.xml:67:9-77:20
218            android:name="androidx.work.impl.background.systemalarm.ConstraintProxy$BatteryChargingProxy"
218-->[androidx.work:work-runtime:2.9.0] AndroidManifest.xml:68:13-106
219            android:directBootAware="false"
219-->[androidx.work:work-runtime:2.9.0] AndroidManifest.xml:69:13-44
220            android:enabled="false"
220-->[androidx.work:work-runtime:2.9.0] AndroidManifest.xml:70:13-36
221            android:exported="false" >
221-->[androidx.work:work-runtime:2.9.0] AndroidManifest.xml:71:13-37
222            <intent-filter>
222-->[androidx.work:work-runtime:2.9.0] AndroidManifest.xml:73:13-76:29
223                <action android:name="android.intent.action.ACTION_POWER_CONNECTED" />
223-->[androidx.work:work-runtime:2.9.0] AndroidManifest.xml:74:17-87
223-->[androidx.work:work-runtime:2.9.0] AndroidManifest.xml:74:25-84
224                <action android:name="android.intent.action.ACTION_POWER_DISCONNECTED" />
224-->[androidx.work:work-runtime:2.9.0] AndroidManifest.xml:75:17-90
224-->[androidx.work:work-runtime:2.9.0] AndroidManifest.xml:75:25-87
225            </intent-filter>
226        </receiver>
227        <receiver
227-->[androidx.work:work-runtime:2.9.0] AndroidManifest.xml:78:9-88:20
228            android:name="androidx.work.impl.background.systemalarm.ConstraintProxy$BatteryNotLowProxy"
228-->[androidx.work:work-runtime:2.9.0] AndroidManifest.xml:79:13-104
229            android:directBootAware="false"
229-->[androidx.work:work-runtime:2.9.0] AndroidManifest.xml:80:13-44
230            android:enabled="false"
230-->[androidx.work:work-runtime:2.9.0] AndroidManifest.xml:81:13-36
231            android:exported="false" >
231-->[androidx.work:work-runtime:2.9.0] AndroidManifest.xml:82:13-37
232            <intent-filter>
232-->[androidx.work:work-runtime:2.9.0] AndroidManifest.xml:84:13-87:29
233                <action android:name="android.intent.action.BATTERY_OKAY" />
233-->[androidx.work:work-runtime:2.9.0] AndroidManifest.xml:85:17-77
233-->[androidx.work:work-runtime:2.9.0] AndroidManifest.xml:85:25-74
234                <action android:name="android.intent.action.BATTERY_LOW" />
234-->[androidx.work:work-runtime:2.9.0] AndroidManifest.xml:86:17-76
234-->[androidx.work:work-runtime:2.9.0] AndroidManifest.xml:86:25-73
235            </intent-filter>
236        </receiver>
237        <receiver
237-->[androidx.work:work-runtime:2.9.0] AndroidManifest.xml:89:9-99:20
238            android:name="androidx.work.impl.background.systemalarm.ConstraintProxy$StorageNotLowProxy"
238-->[androidx.work:work-runtime:2.9.0] AndroidManifest.xml:90:13-104
239            android:directBootAware="false"
239-->[androidx.work:work-runtime:2.9.0] AndroidManifest.xml:91:13-44
240            android:enabled="false"
240-->[androidx.work:work-runtime:2.9.0] AndroidManifest.xml:92:13-36
241            android:exported="false" >
241-->[androidx.work:work-runtime:2.9.0] AndroidManifest.xml:93:13-37
242            <intent-filter>
242-->[androidx.work:work-runtime:2.9.0] AndroidManifest.xml:95:13-98:29
243                <action android:name="android.intent.action.DEVICE_STORAGE_LOW" />
243-->[androidx.work:work-runtime:2.9.0] AndroidManifest.xml:96:17-83
243-->[androidx.work:work-runtime:2.9.0] AndroidManifest.xml:96:25-80
244                <action android:name="android.intent.action.DEVICE_STORAGE_OK" />
244-->[androidx.work:work-runtime:2.9.0] AndroidManifest.xml:97:17-82
244-->[androidx.work:work-runtime:2.9.0] AndroidManifest.xml:97:25-79
245            </intent-filter>
246        </receiver>
247        <receiver
247-->[androidx.work:work-runtime:2.9.0] AndroidManifest.xml:100:9-109:20
248            android:name="androidx.work.impl.background.systemalarm.ConstraintProxy$NetworkStateProxy"
248-->[androidx.work:work-runtime:2.9.0] AndroidManifest.xml:101:13-103
249            android:directBootAware="false"
249-->[androidx.work:work-runtime:2.9.0] AndroidManifest.xml:102:13-44
250            android:enabled="false"
250-->[androidx.work:work-runtime:2.9.0] AndroidManifest.xml:103:13-36
251            android:exported="false" >
251-->[androidx.work:work-runtime:2.9.0] AndroidManifest.xml:104:13-37
252            <intent-filter>
252-->[androidx.work:work-runtime:2.9.0] AndroidManifest.xml:106:13-108:29
253                <action android:name="android.net.conn.CONNECTIVITY_CHANGE" />
253-->[androidx.work:work-runtime:2.9.0] AndroidManifest.xml:107:17-79
253-->[androidx.work:work-runtime:2.9.0] AndroidManifest.xml:107:25-76
254            </intent-filter>
255        </receiver>
256        <receiver
256-->[androidx.work:work-runtime:2.9.0] AndroidManifest.xml:110:9-121:20
257            android:name="androidx.work.impl.background.systemalarm.RescheduleReceiver"
257-->[androidx.work:work-runtime:2.9.0] AndroidManifest.xml:111:13-88
258            android:directBootAware="false"
258-->[androidx.work:work-runtime:2.9.0] AndroidManifest.xml:112:13-44
259            android:enabled="false"
259-->[androidx.work:work-runtime:2.9.0] AndroidManifest.xml:113:13-36
260            android:exported="false" >
260-->[androidx.work:work-runtime:2.9.0] AndroidManifest.xml:114:13-37
261            <intent-filter>
261-->[androidx.work:work-runtime:2.9.0] AndroidManifest.xml:116:13-120:29
262                <action android:name="android.intent.action.BOOT_COMPLETED" />
262-->src\main\AndroidManifest.xml:71:17-79
262-->src\main\AndroidManifest.xml:71:25-76
263                <action android:name="android.intent.action.TIME_SET" />
263-->[androidx.work:work-runtime:2.9.0] AndroidManifest.xml:118:17-73
263-->[androidx.work:work-runtime:2.9.0] AndroidManifest.xml:118:25-70
264                <action android:name="android.intent.action.TIMEZONE_CHANGED" />
264-->[androidx.work:work-runtime:2.9.0] AndroidManifest.xml:119:17-81
264-->[androidx.work:work-runtime:2.9.0] AndroidManifest.xml:119:25-78
265            </intent-filter>
266        </receiver>
267        <receiver
267-->[androidx.work:work-runtime:2.9.0] AndroidManifest.xml:122:9-131:20
268            android:name="androidx.work.impl.background.systemalarm.ConstraintProxyUpdateReceiver"
268-->[androidx.work:work-runtime:2.9.0] AndroidManifest.xml:123:13-99
269            android:directBootAware="false"
269-->[androidx.work:work-runtime:2.9.0] AndroidManifest.xml:124:13-44
270            android:enabled="@bool/enable_system_alarm_service_default"
270-->[androidx.work:work-runtime:2.9.0] AndroidManifest.xml:125:13-72
271            android:exported="false" >
271-->[androidx.work:work-runtime:2.9.0] AndroidManifest.xml:126:13-37
272            <intent-filter>
272-->[androidx.work:work-runtime:2.9.0] AndroidManifest.xml:128:13-130:29
273                <action android:name="androidx.work.impl.background.systemalarm.UpdateProxies" />
273-->[androidx.work:work-runtime:2.9.0] AndroidManifest.xml:129:17-98
273-->[androidx.work:work-runtime:2.9.0] AndroidManifest.xml:129:25-95
274            </intent-filter>
275        </receiver>
276        <receiver
276-->[androidx.work:work-runtime:2.9.0] AndroidManifest.xml:132:9-142:20